# JRE version: OpenJDK Runtime Environment JBR-21.0.6+8-631.39-jcef (21.0.6+8) (build 21.0.6+8-b631.39)
# Java VM: OpenJDK 64-Bit Server VM JBR-21.0.6+8-631.39-jcef (21.0.6+8-b631.39, mixed mode, sharing, tiered, compressed oops, compressed class ptrs, g1 gc, windows-amd64)
GC Precious Log:
 CardTable entry size: 512
 Card Set container configuration: InlinePtr #cards 5 size 8 Array Of Cards #cards 12 size 40 Howl #buckets 4 coarsen threshold 1843 Howl Bitmap #cards 512 size 80 coarsen threshold 460 Card regions per heap region 1 cards per card region 2048
 CPUs: 12 total, 12 available
 Memory: 16091M
 Large Page Support: Disabled
 NUMA Support: Disabled
 Compressed Oops: Enabled (32-bit)
 Heap Region Size: 1M
 Heap Min Capacity: 128M
 Heap Initial Capacity: 128M
 Heap Max Capacity: 2G
 Pre-touch: Disabled
 Parallel Workers: 10
 Concurrent Workers: 3
 Concurrent Refinement Workers: 10
 Periodic GC: Disabled
Heap:
 garbage-first heap   total 131072K, used 14523K [0x0000000080000000, 0x0000000100000000)
  region size 1024K, 4 young (4096K), 0 survivors (0K)
 Metaspace       used 18008K, committed 18688K, reserved 1114112K
  class space    used 1988K, committed 2240K, reserved 1048576K
GC Heap History (14 events):
Event: 1.143 GC heap before
{Heap before GC invocations=0 (full 0):
 garbage-first heap   total 131072K, used 27648K [0x0000000080000000, 0x0000000100000000)
  region size 1024K, 23 young (23552K), 0 survivors (0K)
 Metaspace       used 7566K, committed 8000K, reserved 1114112K
  class space    used 962K, committed 1152K, reserved 1048576K
}
Event: 1.148 GC heap after
{Heap after GC invocations=1 (full 0):
 garbage-first heap   total 131072K, used 9137K [0x0000000080000000, 0x0000000100000000)
  region size 1024K, 3 young (3072K), 3 survivors (3072K)
 Metaspace       used 7566K, committed 8000K, reserved 1114112K
  class space    used 962K, committed 1152K, reserved 1048576K
}
Event: 2.476 GC heap before
{Heap before GC invocations=1 (full 0):
 garbage-first heap   total 131072K, used 36785K [0x0000000080000000, 0x0000000100000000)
  region size 1024K, 31 young (31744K), 3 survivors (3072K)
 Metaspace       used 18042K, committed 18496K, reserved 1114112K
  class space    used 2050K, committed 2240K, reserved 1048576K
}
Event: 2.482 GC heap after
{Heap after GC invocations=2 (full 0):
 garbage-first heap   total 131072K, used 13227K [0x0000000080000000, 0x0000000100000000)
  region size 1024K, 4 young (4096K), 4 survivors (4096K)
 Metaspace       used 18042K, committed 18496K, reserved 1114112K
  class space    used 2050K, committed 2240K, reserved 1048576K
}
Event: 3600.112 GC heap before
{Heap before GC invocations=2 (full 0):
 garbage-first heap   total 131072K, used 22443K [0x0000000080000000, 0x0000000100000000)
  region size 1024K, 14 young (14336K), 4 survivors (4096K)
 Metaspace       used 18278K, committed 18688K, reserved 1114112K
  class space    used 2058K, committed 2240K, reserved 1048576K
}
Event: 3600.206 GC heap after
{Heap after GC invocations=3 (full 1):
 garbage-first heap   total 131072K, used 12202K [0x0000000080000000, 0x0000000100000000)
  region size 1024K, 0 young (0K), 0 survivors (0K)
 Metaspace       used 18239K, committed 18688K, reserved 1114112K
  class space    used 2048K, committed 2240K, reserved 1048576K
}
Event: 7200.213 GC heap before
{Heap before GC invocations=3 (full 1):
 garbage-first heap   total 131072K, used 19370K [0x0000000080000000, 0x0000000100000000)
  region size 1024K, 8 young (8192K), 0 survivors (0K)
 Metaspace       used 18240K, committed 18688K, reserved 1114112K
  class space    used 2048K, committed 2240K, reserved 1048576K
}
Event: 7200.255 GC heap after
{Heap after GC invocations=4 (full 2):
 garbage-first heap   total 131072K, used 11449K [0x0000000080000000, 0x0000000100000000)
  region size 1024K, 0 young (0K), 0 survivors (0K)
 Metaspace       used 17985K, committed 18688K, reserved 1114112K
  class space    used 1988K, committed 2240K, reserved 1048576K
}
Event: 10800.267 GC heap before
{Heap before GC invocations=4 (full 2):
 garbage-first heap   total 131072K, used 17593K [0x0000000080000000, 0x0000000100000000)
  region size 1024K, 7 young (7168K), 0 survivors (0K)
 Metaspace       used 17989K, committed 18688K, reserved 1114112K
  class space    used 1988K, committed 2240K, reserved 1048576K
}
Event: 10800.292 GC heap after
{Heap after GC invocations=5 (full 3):
 garbage-first heap   total 131072K, used 11449K [0x0000000080000000, 0x0000000100000000)
  region size 1024K, 0 young (0K), 0 survivors (0K)
 Metaspace       used 17989K, committed 18688K, reserved 1114112K
  class space    used 1988K, committed 2240K, reserved 1048576K
}
Event: 14400.298 GC heap before
{Heap before GC invocations=5 (full 3):
 garbage-first heap   total 131072K, used 17593K [0x0000000080000000, 0x0000000100000000)
  region size 1024K, 7 young (7168K), 0 survivors (0K)
 Metaspace       used 18001K, committed 18688K, reserved 1114112K
  class space    used 1988K, committed 2240K, reserved 1048576K
}
Event: 14400.322 GC heap after
{Heap after GC invocations=6 (full 4):
 garbage-first heap   total 131072K, used 11449K [0x0000000080000000, 0x0000000100000000)
  region size 1024K, 0 young (0K), 0 survivors (0K)
 Metaspace       used 18001K, committed 18688K, reserved 1114112K
  class space    used 1988K, committed 2240K, reserved 1048576K
}
Event: 18000.334 GC heap before
{Heap before GC invocations=6 (full 4):
 garbage-first heap   total 131072K, used 18617K [0x0000000080000000, 0x0000000100000000)
  region size 1024K, 8 young (8192K), 0 survivors (0K)
 Metaspace       used 18006K, committed 18688K, reserved 1114112K
  class space    used 1988K, committed 2240K, reserved 1048576K
}
Event: 18000.404 GC heap after
{Heap after GC invocations=7 (full 5):
 garbage-first heap   total 131072K, used 11451K [0x0000000080000000, 0x0000000100000000)
  region size 1024K, 0 young (0K), 0 survivors (0K)
 Metaspace       used 18006K, committed 18688K, reserved 1114112K
  class space    used 1988K, committed 2240K, reserved 1048576K
}

